[2015-10-13 21:42:31] local.ERROR: exception 'RuntimeException' with message 'No supported encrypter found. The cipher and / or key length are invalid.' in /var/www/html/ies/bootstrap/cache/compiled.php:6948
Stack trace:
#0 /var/www/html/ies/bootstrap/cache/compiled.php(1242): Illuminate\Encryption\EncryptionServiceProvider->Illuminate\Encryption\{closure}(Object(Illuminate\Foundation\Application), Array)
#1 /var/www/html/ies/bootstrap/cache/compiled.php(1195): Illuminate\Container\Container->build(Object(Closure), Array)
#2 /var/www/html/ies/bootstrap/cache/compiled.php(1733): Illuminate\Container\Container->make('encrypter', Array)
#3 /var/www/html/ies/bootstrap/cache/compiled.php(1287): Illuminate\Foundation\Application->make('Illuminate\Cont...')
#4 /var/www/html/ies/bootstrap/cache/compiled.php(1271): Illuminate\Container\Container->resolveClass(Object(ReflectionParameter))
#5 /var/www/html/ies/bootstrap/cache/compiled.php(1257): Illuminate\Container\Container->getDependencies(Array, Array)
#6 /var/www/html/ies/bootstrap/cache/compiled.php(1195): Illuminate\Container\Container->build('App\Http\Middle...', Array)
#7 /var/www/html/ies/bootstrap/cache/compiled.php(1733): Illuminate\Container\Container->make('App\Http\Middle...', Array)
#8 /var/www/html/ies/bootstrap/cache/compiled.php(9464): Illuminate\Foundation\Application->make('App\Http\Middle...')
#9 /var/www/html/ies/bootstrap/cache/compiled.php(2936): Illuminate\Pipeline\Pipeline->Illuminate\Pipeline\{closure}(Object(Illuminate\Http\Request))
#10 [internal function]: Illuminate\Foundation\Http\Middleware\CheckForMaintenanceMode->handle(Object(Illuminate\Http\Request), Object(Closure))
#11 /var/www/html/ies/bootstrap/cache/compiled.php(9464): call_user_func_array(Array, Array)
#12 [internal function]: Illuminate\Pipeline\Pipeline->Illuminate\Pipeline\{closure}(Object(Illuminate\Http\Request))
#13 /var/www/html/ies/bootstrap/cache/compiled.php(9454): call_user_func(Object(Closure), Object(Illuminate\Http\Request))
#14 /var/www/html/ies/bootstrap/cache/compiled.php(2209): Illuminate\Pipeline\Pipeline->then(Object(Closure))
#15 /var/www/html/ies/bootstrap/cache/compiled.php(2192): Illuminate\Foundation\Http\Kernel->sendRequestThroughRouter(Object(Illuminate\Http\Request))
#16 /var/www/html/ies/public/index.php(54): Illuminate\Foundation\Http\Kernel->handle(Object(Illuminate\Http\Request))
#17 {main}  
[2015-10-13 21:42:31] local.ERROR: exception 'RuntimeException' with message 'No supported encrypter found. The cipher and / or key length are invalid.' in /var/www/html/ies/bootstrap/cache/compiled.php:6948
Stack trace:
#0 /var/www/html/ies/bootstrap/cache/compiled.php(1242): Illuminate\Encryption\EncryptionServiceProvider->Illuminate\Encryption\{closure}(Object(Illuminate\Foundation\Application), Array)
#1 /var/www/html/ies/bootstrap/cache/compiled.php(1195): Illuminate\Container\Container->build(Object(Closure), Array)
#2 /var/www/html/ies/bootstrap/cache/compiled.php(1733): Illuminate\Container\Container->make('encrypter', Array)
#3 /var/www/html/ies/bootstrap/cache/compiled.php(1287): Illuminate\Foundation\Application->make('Illuminate\Cont...')
#4 /var/www/html/ies/bootstrap/cache/compiled.php(1271): Illuminate\Container\Container->resolveClass(Object(ReflectionParameter))
#5 /var/www/html/ies/bootstrap/cache/compiled.php(1257): Illuminate\Container\Container->getDependencies(Array, Array)
#6 /var/www/html/ies/bootstrap/cache/compiled.php(1195): Illuminate\Container\Container->build('App\Http\Middle...', Array)
#7 /var/www/html/ies/bootstrap/cache/compiled.php(1733): Illuminate\Container\Container->make('App\Http\Middle...', Array)
#8 /var/www/html/ies/bootstrap/cache/compiled.php(2216): Illuminate\Foundation\Application->make('App\Http\Middle...')
#9 /var/www/html/ies/public/index.php(58): Illuminate\Foundation\Http\Kernel->terminate(Object(Illuminate\Http\Request), Object(Illuminate\Http\Response))
#10 {main}  
